<?xml version="1.0" encoding="UTF-8"?>
<coverage generated="1668605665456" clover="3.2.0">
    <project timestamp="1668605665457" name="All files">
        <metrics statements="31" coveredstatements="31" conditionals="15" coveredconditionals="15" methods="3"
                 coveredmethods="3" elements="49" coveredelements="49" complexity="0" loc="31" ncloc="31" packages="2"
                 files="3" classes="3"/>
        <package name="binary_search">
            <metrics statements="10" coveredstatements="10" conditionals="6" coveredconditionals="6" methods="1"
                     coveredmethods="1"/>
            <file name="binary_search.ts"
                  path="C:\Users\drami\WebstormProjects\algorithms_data-structure\src\algorithms\binary_search\binary_search.ts">
                <metrics statements="10" coveredstatements="10" conditionals="6" coveredconditionals="6" methods="1"
                         coveredmethods="1"/>
                <line num="5" count="1" type="stmt"/>
                <line num="6" count="7" type="stmt"/>
                <line num="7" count="7" type="stmt"/>
                <line num="8" count="7" type="stmt"/>
                <line num="10" count="7" type="cond" truecount="2" falsecount="0"/>
                <line num="11" count="19" type="cond" truecount="2" falsecount="0"/>
                <line num="12" count="4" type="stmt"/>
                <line num="14" count="15" type="stmt"/>
                <line num="16" count="19" type="stmt"/>
                <line num="18" count="7" type="cond" truecount="2" falsecount="0"/>
            </file>
        </package>
        <package name="solving_patterms">
            <metrics statements="21" coveredstatements="21" conditionals="9" coveredconditionals="9" methods="2"
                     coveredmethods="2"/>
            <file name="count_unique_values.ts"
                  path="C:\Users\drami\WebstormProjects\algorithms_data-structure\src\algorithms\solving_patterms\count_unique_values.ts">
                <metrics statements="8" coveredstatements="8" conditionals="3" coveredconditionals="3" methods="1"
                         coveredmethods="1"/>
                <line num="14" count="4" type="cond" truecount="1" falsecount="0"/>
                <line num="15" count="1" type="stmt"/>
                <line num="18" count="3" type="stmt"/>
                <line num="20" count="3" type="stmt"/>
                <line num="21" count="22" type="stmt"/>
                <line num="22" count="22" type="cond" truecount="2" falsecount="0"/>
                <line num="25" count="3" type="stmt"/>
                <line num="28" count="1" type="stmt"/>
            </file>
            <file name="valid_anagram.ts"
                  path="C:\Users\drami\WebstormProjects\algorithms_data-structure\src\algorithms\solving_patterms\valid_anagram.ts">
                <metrics statements="13" coveredstatements="13" conditionals="6" coveredconditionals="6" methods="1"
                         coveredmethods="1"/>
                <line num="7" count="1" type="stmt"/>
                <line num="8" count="8" type="cond" truecount="1" falsecount="0"/>
                <line num="9" count="2" type="stmt"/>
                <line num="12" count="6" type="stmt"/>
                <line num="14" count="6" type="stmt"/>
                <line num="15" count="32" type="stmt"/>
                <line num="16" count="32" type="cond" truecount="2" falsecount="0"/>
                <line num="19" count="6" type="stmt"/>
                <line num="20" count="29" type="stmt"/>
                <line num="21" count="29" type="cond" truecount="3" falsecount="0"/>
                <line num="22" count="2" type="stmt"/>
                <line num="25" count="27" type="stmt"/>
                <line num="27" count="4" type="stmt"/>
            </file>
        </package>
    </project>
</coverage>
