<?xml version="1.0" encoding="UTF-8"?>
<coverage generated="1668603473083" clover="3.2.0">
    <project timestamp="1668603473083" name="All files">
        <metrics statements="46" coveredstatements="9" conditionals="13" coveredconditionals="3" methods="3"
                 coveredmethods="1" elements="62" coveredelements="13" complexity="0" loc="46" ncloc="46" packages="2"
                 files="3" classes="3"/>
        <package name="binary_search">
            <metrics statements="17" coveredstatements="0" conditionals="6" coveredconditionals="0" methods="1"
                     coveredmethods="0"/>
            <file name="binary_search.ts"
                  path="C:\Users\drami\WebstormProjects\algorithms_data-structure\src\algorithms\binary_search\binary_search.ts">
                <metrics statements="17" coveredstatements="0" conditionals="6" coveredconditionals="0" methods="1"
                         coveredmethods="0"/>
                <line num="6" count="0" type="stmt"/>
                <line num="7" count="0" type="stmt"/>
                <line num="8" count="0" type="stmt"/>
                <line num="10" count="0" type="cond" truecount="0" falsecount="2"/>
                <line num="11" count="0" type="cond" truecount="0" falsecount="2"/>
                <line num="12" count="0" type="stmt"/>
                <line num="14" count="0" type="stmt"/>
                <line num="16" count="0" type="stmt"/>
                <line num="18" count="0" type="cond" truecount="0" falsecount="2"/>
                <line num="21" count="0" type="stmt"/>
                <line num="22" count="0" type="stmt"/>
                <line num="23" count="0" type="stmt"/>
                <line num="24" count="0" type="stmt"/>
                <line num="25" count="0" type="stmt"/>
                <line num="29" count="0" type="stmt"/>
                <line num="33" count="0" type="stmt"/>
                <line num="38" count="0" type="stmt"/>
            </file>
        </package>
        <package name="solving_patterms">
            <metrics statements="29" coveredstatements="9" conditionals="7" coveredconditionals="3" methods="2"
                     coveredmethods="1"/>
            <file name="count_unique_values.ts"
                  path="C:\Users\drami\WebstormProjects\algorithms_data-structure\src\algorithms\solving_patterms\count_unique_values.ts">
                <metrics statements="9" coveredstatements="9" conditionals="3" coveredconditionals="3" methods="1"
                         coveredmethods="1"/>
                <line num="14" count="4" type="cond" truecount="1" falsecount="0"/>
                <line num="15" count="1" type="stmt"/>
                <line num="18" count="3" type="stmt"/>
                <line num="20" count="3" type="stmt"/>
                <line num="21" count="25" type="stmt"/>
                <line num="22" count="25" type="cond" truecount="2" falsecount="0"/>
                <line num="25" count="3" type="stmt"/>
                <line num="27" count="3" type="stmt"/>
                <line num="30" count="1" type="stmt"/>
            </file>
            <file name="valid_anagram.ts"
                  path="C:\Users\drami\WebstormProjects\algorithms_data-structure\src\algorithms\solving_patterms\valid_anagram.ts">
                <metrics statements="20" coveredstatements="0" conditionals="4" coveredconditionals="0" methods="1"
                         coveredmethods="0"/>
                <line num="5" count="0" type="stmt"/>
                <line num="6" count="0" type="stmt"/>
                <line num="7" count="0" type="stmt"/>
                <line num="8" count="0" type="stmt"/>
                <line num="9" count="0" type="stmt"/>
                <line num="10" count="0" type="stmt"/>
                <line num="11" count="0" type="stmt"/>
                <line num="12" count="0" type="stmt"/>
                <line num="17" count="0" type="cond" truecount="0" falsecount="1"/>
                <line num="18" count="0" type="stmt"/>
                <line num="21" count="0" type="stmt"/>
                <line num="23" count="0" type="stmt"/>
                <line num="24" count="0" type="stmt"/>
                <line num="25" count="0" type="cond" truecount="0" falsecount="2"/>
                <line num="28" count="0" type="stmt"/>
                <line num="29" count="0" type="stmt"/>
                <line num="30" count="0" type="cond" truecount="0" falsecount="1"/>
                <line num="31" count="0" type="stmt"/>
                <line num="34" count="0" type="stmt"/>
                <line num="36" count="0" type="stmt"/>
            </file>
        </package>
    </project>
</coverage>
