{
  "C:\\Users\\drami\\WebstormProjects\\algorithms_data-structure\\src\\algorithms\\binary_search\\binary_search.ts": {
    "path": "C:\\Users\\drami\\WebstormProjects\\algorithms_data-structure\\src\\algorithms\\binary_search\\binary_search.ts",
    "statementMap": {
      "0": {
        "start": {
          "line": 6,
          "column": 14
        },
        "end": {
          "line": 6,
          "column": 15
        }
      },
      "1": {
        "start": {
          "line": 7,
          "column": 14
        },
        "end": {
          "line": 7,
          "column": 30
        }
      },
      "2": {
        "start": {
          "line": 8,
          "column": 14
        },
        "end": {
          "line": 8,
          "column": 43
        }
      },
      "3": {
        "start": {
          "line": 10,
          "column": 2
        },
        "end": {
          "line": 17,
          "column": null
        }
      },
      "4": {
        "start": {
          "line": 11,
          "column": 4
        },
        "end": {
          "line": 15,
          "column": null
        }
      },
      "5": {
        "start": {
          "line": 12,
          "column": 6
        },
        "end": {
          "line": 12,
          "column": 20
        }
      },
      "6": {
        "start": {
          "line": 14,
          "column": 6
        },
        "end": {
          "line": 14,
          "column": 22
        }
      },
      "7": {
        "start": {
          "line": 16,
          "column": 4
        },
        "end": {
          "line": 16,
          "column": 40
        }
      },
      "8": {
        "start": {
          "line": 18,
          "column": 2
        },
        "end": {
          "line": 18,
          "column": 45
        }
      },
      "9": {
        "start": {
          "line": 5,
          "column": 0
        },
        "end": {
          "line": 5,
          "column": 16
        }
      }
    },
    "fnMap": {
      "0": {
        "name": "binarySearch",
        "decl": {
          "start": {
            "line": 5,
            "column": 16
          },
          "end": {
            "line": 5,
            "column": 28
          }
        },
        "loc": {
          "start": {
            "line": 5,
            "column": 62
          },
          "end": {
            "line": 19,
            "column": 1
          }
        }
      }
    },
    "branchMap": {
      "0": {
        "loc": {
          "start": {
            "line": 10,
            "column": 9
          },
          "end": {
            "line": 10,
            "column": 46
          }
        },
        "type": "binary-expr",
        "locations": [
          {
            "start": {
              "line": 10,
              "column": 9
            },
            "end": {
              "line": 10,
              "column": 30
            }
          },
          {
            "start": {
              "line": 10,
              "column": 34
            },
            "end": {
              "line": 10,
              "column": 46
            }
          }
        ]
      },
      "1": {
        "loc": {
          "start": {
            "line": 11,
            "column": 4
          },
          "end": {
            "line": 15,
            "column": null
          }
        },
        "type": "if",
        "locations": [
          {
            "start": {
              "line": 11,
              "column": 4
            },
            "end": {
              "line": 15,
              "column": null
            }
          },
          {
            "start": {
              "line": 13,
              "column": 11
            },
            "end": {
              "line": 15,
              "column": null
            }
          }
        ]
      },
      "2": {
        "loc": {
          "start": {
            "line": 18,
            "column": 9
          },
          "end": {
            "line": 18,
            "column": 44
          }
        },
        "type": "cond-expr",
        "locations": [
          {
            "start": {
              "line": 18,
              "column": 36
            },
            "end": {
              "line": 18,
              "column": 39
            }
          },
          {
            "start": {
              "line": 18,
              "column": 42
            },
            "end": {
              "line": 18,
              "column": 44
            }
          }
        ]
      }
    },
    "s": {
      "0": 7,
      "1": 7,
      "2": 7,
      "3": 7,
      "4": 19,
      "5": 4,
      "6": 15,
      "7": 19,
      "8": 7,
      "9": 1
    },
    "f": {
      "0": 7
    },
    "b": {
      "0": [
        26,
        21
      ],
      "1": [
        4,
        15
      ],
      "2": [
        5,
        2
      ]
    }
  },
  "C:\\Users\\drami\\WebstormProjects\\algorithms_data-structure\\src\\algorithms\\solving_patterms\\count_unique_values.ts": {
    "path": "C:\\Users\\drami\\WebstormProjects\\algorithms_data-structure\\src\\algorithms\\solving_patterms\\count_unique_values.ts",
    "statementMap": {
      "0": {
        "start": {
          "line": 14,
          "column": 2
        },
        "end": {
          "line": 16,
          "column": null
        }
      },
      "1": {
        "start": {
          "line": 15,
          "column": 4
        },
        "end": {
          "line": 15,
          "column": 13
        }
      },
      "2": {
        "start": {
          "line": 18,
          "column": 38
        },
        "end": {
          "line": 18,
          "column": 40
        }
      },
      "3": {
        "start": {
          "line": 20,
          "column": 2
        },
        "end": {
          "line": 23,
          "column": null
        }
      },
      "4": {
        "start": {
          "line": 20,
          "column": 15
        },
        "end": {
          "line": 20,
          "column": 16
        }
      },
      "5": {
        "start": {
          "line": 21,
          "column": 16
        },
        "end": {
          "line": 21,
          "column": 23
        }
      },
      "6": {
        "start": {
          "line": 22,
          "column": 4
        },
        "end": {
          "line": 22,
          "column": 44
        }
      },
      "7": {
        "start": {
          "line": 25,
          "column": 2
        },
        "end": {
          "line": 25,
          "column": 33
        }
      },
      "8": {
        "start": {
          "line": 28,
          "column": 0
        },
        "end": {
          "line": 28,
          "column": 33
        }
      }
    },
    "fnMap": {
      "0": {
        "name": "countUniqueValues",
        "decl": {
          "start": {
            "line": 13,
            "column": 9
          },
          "end": {
            "line": 13,
            "column": 26
          }
        },
        "loc": {
          "start": {
            "line": 13,
            "column": 41
          },
          "end": {
            "line": 26,
            "column": 1
          }
        }
      }
    },
    "branchMap": {
      "0": {
        "loc": {
          "start": {
            "line": 14,
            "column": 2
          },
          "end": {
            "line": 16,
            "column": null
          }
        },
        "type": "if",
        "locations": [
          {
            "start": {
              "line": 14,
              "column": 2
            },
            "end": {
              "line": 16,
              "column": null
            }
          }
        ]
      },
      "1": {
        "loc": {
          "start": {
            "line": 22,
            "column": 4
          },
          "end": {
            "line": 22,
            "column": 43
          }
        },
        "type": "cond-expr",
        "locations": [
          {
            "start": {
              "line": 22,
              "column": 15
            },
            "end": {
              "line": 22,
              "column": 28
            }
          },
          {
            "start": {
              "line": 22,
              "column": 31
            },
            "end": {
              "line": 22,
              "column": 43
            }
          }
        ]
      }
    },
    "s": {
      "0": 4,
      "1": 1,
      "2": 3,
      "3": 3,
      "4": 3,
      "5": 22,
      "6": 22,
      "7": 3,
      "8": 1
    },
    "f": {
      "0": 4
    },
    "b": {
      "0": [
        1
      ],
      "1": [
        9,
        13
      ]
    }
  },
  "C:\\Users\\drami\\WebstormProjects\\algorithms_data-structure\\src\\algorithms\\solving_patterms\\valid_anagram.ts": {
    "path": "C:\\Users\\drami\\WebstormProjects\\algorithms_data-structure\\src\\algorithms\\solving_patterms\\valid_anagram.ts",
    "statementMap": {
      "0": {
        "start": {
          "line": 8,
          "column": 2
        },
        "end": {
          "line": 10,
          "column": null
        }
      },
      "1": {
        "start": {
          "line": 9,
          "column": 4
        },
        "end": {
          "line": 9,
          "column": 17
        }
      },
      "2": {
        "start": {
          "line": 12,
          "column": 38
        },
        "end": {
          "line": 12,
          "column": 40
        }
      },
      "3": {
        "start": {
          "line": 14,
          "column": 2
        },
        "end": {
          "line": 17,
          "column": null
        }
      },
      "4": {
        "start": {
          "line": 14,
          "column": 15
        },
        "end": {
          "line": 14,
          "column": 16
        }
      },
      "5": {
        "start": {
          "line": 15,
          "column": 19
        },
        "end": {
          "line": 15,
          "column": 26
        }
      },
      "6": {
        "start": {
          "line": 16,
          "column": 4
        },
        "end": {
          "line": 16,
          "column": 53
        }
      },
      "7": {
        "start": {
          "line": 19,
          "column": 2
        },
        "end": {
          "line": 26,
          "column": null
        }
      },
      "8": {
        "start": {
          "line": 19,
          "column": 15
        },
        "end": {
          "line": 19,
          "column": 16
        }
      },
      "9": {
        "start": {
          "line": 20,
          "column": 19
        },
        "end": {
          "line": 20,
          "column": 26
        }
      },
      "10": {
        "start": {
          "line": 21,
          "column": 4
        },
        "end": {
          "line": 23,
          "column": null
        }
      },
      "11": {
        "start": {
          "line": 22,
          "column": 6
        },
        "end": {
          "line": 22,
          "column": 19
        }
      },
      "12": {
        "start": {
          "line": 25,
          "column": 4
        },
        "end": {
          "line": 25,
          "column": 21
        }
      },
      "13": {
        "start": {
          "line": 27,
          "column": 2
        },
        "end": {
          "line": 27,
          "column": 14
        }
      },
      "14": {
        "start": {
          "line": 7,
          "column": 0
        },
        "end": {
          "line": 7,
          "column": 16
        }
      }
    },
    "fnMap": {
      "0": {
        "name": "validAnagram",
        "decl": {
          "start": {
            "line": 7,
            "column": 16
          },
          "end": {
            "line": 7,
            "column": 28
          }
        },
        "loc": {
          "start": {
            "line": 7,
            "column": 55
          },
          "end": {
            "line": 28,
            "column": 1
          }
        }
      }
    },
    "branchMap": {
      "0": {
        "loc": {
          "start": {
            "line": 8,
            "column": 2
          },
          "end": {
            "line": 10,
            "column": null
          }
        },
        "type": "if",
        "locations": [
          {
            "start": {
              "line": 8,
              "column": 2
            },
            "end": {
              "line": 10,
              "column": null
            }
          }
        ]
      },
      "1": {
        "loc": {
          "start": {
            "line": 16,
            "column": 4
          },
          "end": {
            "line": 16,
            "column": 52
          }
        },
        "type": "cond-expr",
        "locations": [
          {
            "start": {
              "line": 16,
              "column": 18
            },
            "end": {
              "line": 16,
              "column": 34
            }
          },
          {
            "start": {
              "line": 16,
              "column": 37
            },
            "end": {
              "line": 16,
              "column": 52
            }
          }
        ]
      },
      "2": {
        "loc": {
          "start": {
            "line": 21,
            "column": 4
          },
          "end": {
            "line": 23,
            "column": null
          }
        },
        "type": "if",
        "locations": [
          {
            "start": {
              "line": 21,
              "column": 4
            },
            "end": {
              "line": 23,
              "column": null
            }
          }
        ]
      },
      "3": {
        "loc": {
          "start": {
            "line": 21,
            "column": 8
          },
          "end": {
            "line": 21,
            "column": 53
          }
        },
        "type": "binary-expr",
        "locations": [
          {
            "start": {
              "line": 21,
              "column": 8
            },
            "end": {
              "line": 21,
              "column": 33
            }
          },
          {
            "start": {
              "line": 21,
              "column": 37
            },
            "end": {
              "line": 21,
              "column": 53
            }
          }
        ]
      }
    },
    "s": {
      "0": 8,
      "1": 2,
      "2": 6,
      "3": 6,
      "4": 6,
      "5": 32,
      "6": 32,
      "7": 6,
      "8": 6,
      "9": 29,
      "10": 29,
      "11": 2,
      "12": 27,
      "13": 4,
      "14": 1
    },
    "f": {
      "0": 8
    },
    "b": {
      "0": [
        2
      ],
      "1": [
        9,
        23
      ],
      "2": [
        2
      ],
      "3": [
        29,
        28
      ]
    }
  }
}
