TN:
SF:src\algorithms\binary_search\binary_search.ts
FN:5,binarySearch
FNF:1
FNH:1
FNDA:7,binarySearch
DA:5,1
DA:6,7
DA:7,7
DA:8,7
DA:10,7
DA:11,19
DA:12,4
DA:14,15
DA:16,19
DA:18,7
LF:10
LH:10
BRDA:10,0,0,26
BRDA:10,0,1,21
BRDA:11,1,0,4
BRDA:11,1,1,15
BRDA:18,2,0,5
BRDA:18,2,1,2
BRF:6
BRH:6
end_of_record
TN:
SF:src\algorithms\solving_patterms\count_unique_values.ts
FN:13,countUniqueValues
FNF:1
FNH:1
FNDA:4,countUniqueValues
DA:14,4
DA:15,1
DA:18,3
DA:20,3
DA:21,22
DA:22,22
DA:25,3
DA:28,1
LF:8
LH:8
BRDA:14,0,0,1
BRDA:22,1,0,9
BRDA:22,1,1,13
BRF:3
BRH:3
end_of_record
TN:
SF:src\algorithms\solving_patterms\valid_anagram.ts
FN:7,validAnagram
FNF:1
FNH:1
FNDA:8,validAnagram
DA:7,1
DA:8,8
DA:9,2
DA:12,6
DA:14,6
DA:15,32
DA:16,32
DA:19,6
DA:20,29
DA:21,29
DA:22,2
DA:25,27
DA:27,4
LF:13
LH:13
BRDA:8,0,0,2
BRDA:16,1,0,9
BRDA:16,1,1,23
BRDA:21,2,0,2
BRDA:21,3,0,29
BRDA:21,3,1,28
BRF:6
BRH:6
end_of_record
