TN:
SF:src\algorithms\binary_search\binary_search.ts
FN:5,binarySearch
FNF:1
FNH:0
FNDA:0,binarySearch
DA:6,0
DA:7,0
DA:8,0
DA:10,0
DA:11,0
DA:12,0
DA:14,0
DA:16,0
DA:18,0
DA:21,0
DA:22,0
DA:23,0
DA:24,0
DA:25,0
DA:29,0
DA:33,0
DA:38,0
LF:17
LH:0
BRDA:10,0,0,0
BRDA:10,0,1,0
BRDA:11,1,0,0
BRDA:11,1,1,0
BRDA:18,2,0,0
BRDA:18,2,1,0
BRF:6
BRH:0
end_of_record
TN:
SF:src\algorithms\solving_patterms\count_unique_values.ts
FN:13,countUniqueValues
FNF:1
FNH:1
FNDA:4,countUniqueValues
DA:14,4
DA:15,1
DA:18,3
DA:20,3
DA:21,25
DA:22,25
DA:25,3
DA:27,3
DA:30,1
LF:9
LH:9
BRDA:14,0,0,1
BRDA:22,1,0,9
BRDA:22,1,1,16
BRF:3
BRH:3
end_of_record
TN:
SF:src\algorithms\solving_patterms\valid_anagram.ts
FN:16,validAnagram
FNF:1
FNH:0
FNDA:0,validAnagram
DA:5,0
DA:6,0
DA:7,0
DA:8,0
DA:9,0
DA:10,0
DA:11,0
DA:12,0
DA:17,0
DA:18,0
DA:21,0
DA:23,0
DA:24,0
DA:25,0
DA:28,0
DA:29,0
DA:30,0
DA:31,0
DA:34,0
DA:36,0
LF:20
LH:0
BRDA:17,0,0,0
BRDA:25,1,0,0
BRDA:25,1,1,0
BRDA:30,2,0,0
BRF:4
BRH:0
end_of_record
